<?xml version="1.0" encoding="UTF-8"?>
<coverage generated="1646396380219" clover="3.2.0">
  <project timestamp="1646396380219" name="All files">
    <metrics statements="27" coveredstatements="14" conditionals="2" coveredconditionals="0" methods="10" coveredmethods="6" elements="39" coveredelements="20" complexity="0" loc="27" ncloc="27" packages="3" files="5" classes="5"/>
    <package name="assets">
      <metrics statements="2" coveredstatements="2" conditionals="0" coveredconditionals="0" methods="0" coveredmethods="0"/>
      <file name="cart.svg" path="C:\Users\Wakid\Desktop\Ynov\Methodo tests\ynov-tests-finalproject\front\src\assets\cart.svg">
        <metrics statements="1" coveredstatements="1" conditionals="0" coveredconditionals="0" methods="0" coveredmethods="0"/>
        <line num="1" count="1" type="stmt"/>
      </file>
      <file name="logo.png" path="C:\Users\Wakid\Desktop\Ynov\Methodo tests\ynov-tests-finalproject\front\src\assets\logo.png">
        <metrics statements="1" coveredstatements="1" conditionals="0" coveredconditionals="0" methods="0" coveredmethods="0"/>
        <line num="1" count="1" type="stmt"/>
      </file>
    </package>
    <package name="components">
      <metrics statements="1" coveredstatements="1" conditionals="0" coveredconditionals="0" methods="0" coveredmethods="0"/>
      <file name="Navbar.vue" path="C:\Users\Wakid\Desktop\Ynov\Methodo tests\ynov-tests-finalproject\front\src\components\Navbar.vue">
        <metrics statements="1" coveredstatements="1" conditionals="0" coveredconditionals="0" methods="0" coveredmethods="0"/>
        <line num="9" count="1" type="stmt"/>
      </file>
    </package>
    <package name="views">
      <metrics statements="24" coveredstatements="11" conditionals="2" coveredconditionals="0" methods="10" coveredmethods="6"/>
      <file name="Cart.vue" path="C:\Users\Wakid\Desktop\Ynov\Methodo tests\ynov-tests-finalproject\front\src\views\Cart.vue">
        <metrics statements="9" coveredstatements="5" conditionals="0" coveredconditionals="0" methods="4" coveredmethods="3"/>
        <line num="32" count="2" type="stmt"/>
        <line num="33" count="2" type="stmt"/>
        <line num="35" count="2" type="stmt"/>
        <line num="42" count="0" type="stmt"/>
        <line num="43" count="0" type="stmt"/>
        <line num="49" count="2" type="stmt"/>
        <line num="51" count="1" type="stmt"/>
        <line num="52" count="0" type="stmt"/>
        <line num="53" count="0" type="stmt"/>
      </file>
      <file name="Home.vue" path="C:\Users\Wakid\Desktop\Ynov\Methodo tests\ynov-tests-finalproject\front\src\views\Home.vue">
        <metrics statements="15" coveredstatements="6" conditionals="2" coveredconditionals="0" methods="6" coveredmethods="3"/>
        <line num="23" count="2" type="stmt"/>
        <line num="24" count="2" type="stmt"/>
        <line num="26" count="2" type="stmt"/>
        <line num="33" count="0" type="cond" truecount="0" falsecount="2"/>
        <line num="34" count="0" type="stmt"/>
        <line num="37" count="0" type="stmt"/>
        <line num="38" count="0" type="stmt"/>
        <line num="39" count="0" type="stmt"/>
        <line num="41" count="0" type="stmt"/>
        <line num="47" count="2" type="stmt"/>
        <line num="48" count="2" type="stmt"/>
        <line num="50" count="1" type="stmt"/>
        <line num="51" count="0" type="stmt"/>
        <line num="52" count="0" type="stmt"/>
        <line num="53" count="0" type="stmt"/>
      </file>
    </package>
  </project>
</coverage>
