{"C:\\Users\\Wakid\\Desktop\\Ynov\\Methodo tests\\ynov-tests-finalproject\\front\\src\\assets\\cart.svg": {"path":"C:\\Users\\Wakid\\Desktop\\Ynov\\Methodo tests\\ynov-tests-finalproject\\front\\src\\assets\\cart.svg","statementMap":{"0":{"start":{"line":1,"column":0},"end":{"line":1,"column":19}}},"fnMap":{},"branchMap":{},"s":{"0":1},"f":{},"b":{},"_coverageSchema":"43e27e138ebf9cfc5966b082cf9a028302ed4184","hash":"7cf51f8b96fc88d6f73d8f9dfebd38d56b612a61"}
,"C:\\Users\\Wakid\\Desktop\\Ynov\\Methodo tests\\ynov-tests-finalproject\\front\\src\\assets\\logo.png": {"path":"C:\\Users\\Wakid\\Desktop\\Ynov\\Methodo tests\\ynov-tests-finalproject\\front\\src\\assets\\logo.png","statementMap":{"0":{"start":{"line":1,"column":0},"end":{"line":1,"column":19}}},"fnMap":{},"branchMap":{},"s":{"0":1},"f":{},"b":{},"_coverageSchema":"43e27e138ebf9cfc5966b082cf9a028302ed4184","hash":"19fd48bc5ffbd88542ea6da720961e287da029c9"}
,"C:\\Users\\Wakid\\Desktop\\Ynov\\Methodo tests\\ynov-tests-finalproject\\front\\src\\components\\Navbar.vue": {"path":"C:\\Users\\Wakid\\Desktop\\Ynov\\Methodo tests\\ynov-tests-finalproject\\front\\src\\components\\Navbar.vue","statementMap":{"0":{"start":{"line":9,"column":15},"end":{"line":9,"column":null}}},"fnMap":{},"branchMap":{},"s":{"0":1},"f":{},"b":{}}
,"C:\\Users\\Wakid\\Desktop\\Ynov\\Methodo tests\\ynov-tests-finalproject\\front\\src\\views\\Cart.vue": {"path":"C:\\Users\\Wakid\\Desktop\\Ynov\\Methodo tests\\ynov-tests-finalproject\\front\\src\\views\\Cart.vue","statementMap":{"0":{"start":{"line":32,"column":0},"end":{"line":32,"column":null}},"1":{"start":{"line":33,"column":15},"end":{"line":33,"column":null}},"2":{"start":{"line":35,"column":4},"end":{"line":35,"column":11}},"3":{"start":{"line":42,"column":6},"end":{"line":42,"column":13}},"4":{"start":{"line":43,"column":6},"end":{"line":43,"column":12}},"5":{"start":{"line":49,"column":4},"end":{"line":49,"column":10}},"6":{"start":{"line":51,"column":8},"end":{"line":51,"column":13}},"7":{"start":{"line":52,"column":8},"end":{"line":54,"column":null}},"8":{"start":{"line":52,"column":18},"end":{"line":52,"column":21}},"9":{"start":{"line":53,"column":10},"end":{"line":53,"column":15}}},"fnMap":{"0":{"name":"(anonymous_0)","decl":{"start":{"line":34,"column":2},"end":{"line":34,"column":6}},"loc":{"start":{"line":34,"column":9},"end":{"line":39,"column":null}}},"1":{"name":"(anonymous_1)","decl":{"start":{"line":41,"column":4},"end":{"line":41,"column":17}},"loc":{"start":{"line":41,"column":22},"end":{"line":45,"column":null}}},"2":{"name":"(anonymous_2)","decl":{"start":{"line":47,"column":2},"end":{"line":47,"column":9}},"loc":{"start":{"line":47,"column":12},"end":{"line":56,"column":null}}},"3":{"name":"(anonymous_3)","decl":{"start":{"line":50,"column":12},"end":{"line":50,"column":20}},"loc":{"start":{"line":50,"column":24},"end":{"line":55,"column":null}}}},"branchMap":{},"s":{"0":2,"1":2,"2":2,"3":0,"4":0,"5":2,"6":1,"7":0,"8":0,"9":0},"f":{"0":2,"1":0,"2":2,"3":1},"b":{}}
,"C:\\Users\\Wakid\\Desktop\\Ynov\\Methodo tests\\ynov-tests-finalproject\\front\\src\\views\\Home.vue": {"path":"C:\\Users\\Wakid\\Desktop\\Ynov\\Methodo tests\\ynov-tests-finalproject\\front\\src\\views\\Home.vue","statementMap":{"0":{"start":{"line":23,"column":0},"end":{"line":23,"column":null}},"1":{"start":{"line":24,"column":15},"end":{"line":24,"column":null}},"2":{"start":{"line":26,"column":8},"end":{"line":26,"column":15}},"3":{"start":{"line":33,"column":12},"end":{"line":43,"column":null}},"4":{"start":{"line":34,"column":16},"end":{"line":34,"column":21}},"5":{"start":{"line":37,"column":16},"end":{"line":37,"column":21}},"6":{"start":{"line":38,"column":16},"end":{"line":38,"column":20}},"7":{"start":{"line":39,"column":16},"end":{"line":39,"column":22}},"8":{"start":{"line":41,"column":24},"end":{"line":41,"column":29}},"9":{"start":{"line":47,"column":17},"end":{"line":47,"column":null}},"10":{"start":{"line":48,"column":8},"end":{"line":48,"column":14}},"11":{"start":{"line":50,"column":16},"end":{"line":50,"column":18}},"12":{"start":{"line":51,"column":16},"end":{"line":51,"column":18}},"13":{"start":{"line":52,"column":20},"end":{"line":52,"column":27}},"14":{"start":{"line":53,"column":20},"end":{"line":53,"column":27}}},"fnMap":{"0":{"name":"(anonymous_0)","decl":{"start":{"line":25,"column":4},"end":{"line":25,"column":8}},"loc":{"start":{"line":25,"column":11},"end":{"line":30,"column":null}}},"1":{"name":"(anonymous_1)","decl":{"start":{"line":32,"column":8},"end":{"line":32,"column":17}},"loc":{"start":{"line":32,"column":24},"end":{"line":44,"column":null}}},"2":{"name":"(anonymous_2)","decl":{"start":{"line":40,"column":26},"end":{"line":40,"column":32}},"loc":{"start":{"line":40,"column":32},"end":{"line":42,"column":null}}},"3":{"name":"(anonymous_3)","decl":{"start":{"line":46,"column":4},"end":{"line":46,"column":11}},"loc":{"start":{"line":46,"column":14},"end":{"line":56,"column":null}}},"4":{"name":"(anonymous_4)","decl":{"start":{"line":49,"column":20},"end":{"line":49,"column":33}},"loc":{"start":{"line":49,"column":33},"end":{"line":55,"column":null}}},"5":{"name":"(anonymous_5)","decl":{"start":{"line":51,"column":36},"end":{"line":51,"column":43}},"loc":{"start":{"line":51,"column":47},"end":{"line":54,"column":null}}}},"branchMap":{"0":{"loc":{"start":{"line":33,"column":12},"end":{"line":43,"column":null}},"type":"if","locations":[{"start":{"line":33,"column":12},"end":{"line":43,"column":null}},{"start":{"line":33,"column":12},"end":{"line":43,"column":null}}]}},"s":{"0":2,"1":2,"2":2,"3":0,"4":0,"5":0,"6":0,"7":0,"8":0,"9":2,"10":2,"11":1,"12":0,"13":0,"14":0},"f":{"0":2,"1":0,"2":0,"3":2,"4":1,"5":0},"b":{"0":[0,0]}}
}
