TN:
SF:C:\Users\Wakid\Desktop\Ynov\Methodo tests\ynov-tests-finalproject\front\src\assets\cart.svg
FNF:0
FNH:0
DA:1,1
LF:1
LH:1
BRF:0
BRH:0
end_of_record
TN:
SF:C:\Users\Wakid\Desktop\Ynov\Methodo tests\ynov-tests-finalproject\front\src\assets\logo.png
FNF:0
FNH:0
DA:1,1
LF:1
LH:1
BRF:0
BRH:0
end_of_record
TN:
SF:C:\Users\Wakid\Desktop\Ynov\Methodo tests\ynov-tests-finalproject\front\src\components\Navbar.vue
FNF:0
FNH:0
DA:9,1
LF:1
LH:1
BRF:0
BRH:0
end_of_record
TN:
SF:C:\Users\Wakid\Desktop\Ynov\Methodo tests\ynov-tests-finalproject\front\src\views\Cart.vue
FN:34,(anonymous_0)
FN:41,(anonymous_1)
FN:47,(anonymous_2)
FN:50,(anonymous_3)
FNF:4
FNH:3
FNDA:2,(anonymous_0)
FNDA:0,(anonymous_1)
FNDA:2,(anonymous_2)
FNDA:1,(anonymous_3)
DA:32,2
DA:33,2
DA:35,2
DA:42,0
DA:43,0
DA:49,2
DA:51,1
DA:52,0
DA:53,0
LF:9
LH:5
BRF:0
BRH:0
end_of_record
TN:
SF:C:\Users\Wakid\Desktop\Ynov\Methodo tests\ynov-tests-finalproject\front\src\views\Home.vue
FN:25,(anonymous_0)
FN:32,(anonymous_1)
FN:40,(anonymous_2)
FN:46,(anonymous_3)
FN:49,(anonymous_4)
FN:51,(anonymous_5)
FNF:6
FNH:3
FNDA:2,(anonymous_0)
FNDA:0,(anonymous_1)
FNDA:0,(anonymous_2)
FNDA:2,(anonymous_3)
FNDA:1,(anonymous_4)
FNDA:0,(anonymous_5)
DA:23,2
DA:24,2
DA:26,2
DA:33,0
DA:34,0
DA:37,0
DA:38,0
DA:39,0
DA:41,0
DA:47,2
DA:48,2
DA:50,1
DA:51,0
DA:52,0
DA:53,0
LF:15
LH:6
BRDA:33,0,0,0
BRDA:33,0,1,0
BRF:2
BRH:0
end_of_record
